[0m16:26:48.214064 [debug] [MainThread]: Sending event: {'category': 'dbt', 'action': 'invocation', 'label': 'start', 'context': [<snowplow_tracker.self_describing_json.SelfDescribingJson object at 0x0000024B19456420>, <snowplow_tracker.self_describing_json.SelfDescribingJson object at 0x0000024B194554F0>, <snowplow_tracker.self_describing_json.SelfDescribingJson object at 0x0000024B19FA7C20>]}


============================== 16:26:48.269033 | 3c0ea558-e8ef-4074-86dd-49d81c5eed95 ==============================
[0m16:26:48.269033 [info ] [MainThread]: Running with dbt=1.8.8
[0m16:26:48.269984 [debug] [MainThread]: running dbt with arguments {'printer_width': '80', 'indirect_selection': 'eager', 'write_json': 'True', 'log_cache_events': 'False', 'partial_parse': 'True', 'cache_selected_only': 'False', 'profiles_dir': 'C:\\Users\\BUKKIE\\.dbt', 'version_check': 'True', 'warn_error': 'None', 'log_path': 'logs', 'fail_fast': 'False', 'debug': 'False', 'use_colors': 'True', 'use_experimental_parser': 'False', 'empty': 'None', 'quiet': 'False', 'no_print': 'None', 'log_format': 'default', 'introspect': 'True', 'static_parser': 'True', 'warn_error_options': 'WarnErrorOptions(include=[], exclude=[])', 'target_path': 'None', 'invocation_command': 'dbt init bootcamp', 'send_anonymous_usage_stats': 'True'}
[0m16:26:48.317201 [debug] [MainThread]: Starter project path: C:\Users\BUKKIE\AppData\Local\Programs\Python\Python312\Lib\site-packages\dbt\include\starter_project
[0m16:26:48.370326 [info ] [MainThread]: 
Your new dbt project "bootcamp" was created!

For more information on how to configure the profiles.yml file,
please consult the dbt documentation here:

  https://docs.getdbt.com/docs/configure-your-profile

One more thing:

Need help? Don't hesitate to reach out to us via GitHub issues or on Slack:

  https://community.getdbt.com/

Happy modeling!

[0m16:26:48.371812 [info ] [MainThread]: Setting up your profile.
[0m10:37:35.874214 [info ] [MainThread]: Profile bootcamp written to C:\Users\BUKKIE\.dbt\profiles.yml using target's profile_template.yml and your supplied values. Run 'dbt debug' to validate the connection.
[0m10:37:35.960302 [debug] [MainThread]: Command `dbt init` succeeded at 10:37:35.950183 after 324659.53 seconds
[0m10:37:35.979588 [debug] [MainThread]: Sending event: {'category': 'dbt', 'action': 'invocation', 'label': 'end', 'context': [<snowplow_tracker.self_describing_json.SelfDescribingJson object at 0x0000024B19916DB0>, <snowplow_tracker.self_describing_json.SelfDescribingJson object at 0x0000024B2A01B0E0>, <snowplow_tracker.self_describing_json.SelfDescribingJson object at 0x0000024B2C94E7E0>]}
[0m10:37:35.989923 [debug] [MainThread]: Flushing usage events
[0m10:41:58.992820 [debug] [MainThread]: Sending event: {'category': 'dbt', 'action': 'invocation', 'label': 'start', 'context': [<snowplow_tracker.self_describing_json.SelfDescribingJson object at 0x000001F114C54E60>, <snowplow_tracker.self_describing_json.SelfDescribingJson object at 0x000001F116EE3440>, <snowplow_tracker.self_describing_json.SelfDescribingJson object at 0x000001F116A7A360>]}


============================== 10:41:59.003335 | ba082b15-0dcd-4cda-a6da-2d3b6bb94a0c ==============================
[0m10:41:59.003335 [info ] [MainThread]: Running with dbt=1.8.8
[0m10:41:59.004354 [debug] [MainThread]: running dbt with arguments {'printer_width': '80', 'indirect_selection': 'eager', 'log_cache_events': 'False', 'write_json': 'True', 'partial_parse': 'True', 'cache_selected_only': 'False', 'warn_error': 'None', 'version_check': 'True', 'debug': 'False', 'log_path': 'logs', 'fail_fast': 'False', 'profiles_dir': 'C:\\Users\\BUKKIE\\.dbt', 'use_colors': 'True', 'use_experimental_parser': 'False', 'no_print': 'None', 'quiet': 'False', 'empty': 'None', 'warn_error_options': 'WarnErrorOptions(include=[], exclude=[])', 'invocation_command': 'dbt debug', 'static_parser': 'True', 'introspect': 'True', 'target_path': 'None', 'log_format': 'default', 'send_anonymous_usage_stats': 'True'}
[0m10:41:59.066377 [info ] [MainThread]: dbt version: 1.8.8
[0m10:41:59.067386 [info ] [MainThread]: python version: 3.12.6
[0m10:41:59.069386 [info ] [MainThread]: python path: C:\Users\BUKKIE\AppData\Local\Programs\Python\Python312\python.exe
[0m10:41:59.070387 [info ] [MainThread]: os info: Windows-11-10.0.26100-SP0
[0m10:42:07.902229 [info ] [MainThread]: Using profiles dir at C:\Users\BUKKIE\.dbt
[0m10:42:07.903249 [info ] [MainThread]: Using profiles.yml file at C:\Users\BUKKIE\.dbt\profiles.yml
[0m10:42:07.905410 [info ] [MainThread]: Using dbt_project.yml file at C:\Users\BUKKIE\Downloads\CDE Videos\DBT\dbt_project.yml
[0m10:42:07.906410 [info ] [MainThread]: adapter type: bigquery
[0m10:42:07.907413 [info ] [MainThread]: adapter version: 1.8.3
[0m10:42:07.909422 [info ] [MainThread]: Configuration:
[0m10:42:07.910411 [info ] [MainThread]:   profiles.yml file [[32mOK found and valid[0m]
[0m10:42:07.911407 [info ] [MainThread]:   dbt_project.yml file [[31mERROR not found[0m]
[0m10:42:07.912406 [info ] [MainThread]: Required dependencies:
[0m10:42:07.914920 [debug] [MainThread]: Executing "git --help"
[0m10:42:08.007669 [debug] [MainThread]: STDOUT: "b"usage: git [--version] [--help] [-C <path>] [-c <name>=<value>]\n           [--exec-path[=<path>]] [--html-path] [--man-path] [--info-path]\n           [-p | --paginate | -P | --no-pager] [--no-replace-objects] [--bare]\n           [--git-dir=<path>] [--work-tree=<path>] [--namespace=<name>]\n           [--super-prefix=<path>] [--config-env=<name>=<envvar>]\n           <command> [<args>]\n\nThese are common Git commands used in various situations:\n\nstart a working area (see also: git help tutorial)\n   clone     Clone a repository into a new directory\n   init      Create an empty Git repository or reinitialize an existing one\n\nwork on the current change (see also: git help everyday)\n   add       Add file contents to the index\n   mv        Move or rename a file, a directory, or a symlink\n   restore   Restore working tree files\n   rm        Remove files from the working tree and from the index\n\nexamine the history and state (see also: git help revisions)\n   bisect    Use binary search to find the commit that introduced a bug\n   diff      Show changes between commits, commit and working tree, etc\n   grep      Print lines matching a pattern\n   log       Show commit logs\n   show      Show various types of objects\n   status    Show the working tree status\n\ngrow, mark and tweak your common history\n   branch    List, create, or delete branches\n   commit    Record changes to the repository\n   merge     Join two or more development histories together\n   rebase    Reapply commits on top of another base tip\n   reset     Reset current HEAD to the specified state\n   switch    Switch branches\n   tag       Create, list, delete or verify a tag object signed with GPG\n\ncollaborate (see also: git help workflows)\n   fetch     Download objects and refs from another repository\n   pull      Fetch from and integrate with another repository or a local branch\n   push      Update remote refs along with associated objects\n\n'git help -a' and 'git help -g' list available subcommands and some\nconcept guides. See 'git help <command>' or 'git help <concept>'\nto read about a specific subcommand or concept.\nSee 'git help git' for an overview of the system.\n""
[0m10:42:08.007669 [debug] [MainThread]: STDERR: "b''"
[0m10:42:08.008689 [info ] [MainThread]:  - git [[32mOK found[0m]

[0m10:42:08.009664 [info ] [MainThread]: Connection:
[0m10:42:08.010669 [info ] [MainThread]:   method: service-account
[0m10:42:08.011690 [info ] [MainThread]:   database: valiant-healer-442417-e8
[0m10:42:08.012667 [info ] [MainThread]:   execution_project: valiant-healer-442417-e8
[0m10:42:08.012667 [info ] [MainThread]:   schema: in_class
[0m10:42:08.014182 [info ] [MainThread]:   location: EU
[0m10:42:08.015193 [info ] [MainThread]:   priority: interactive
[0m10:42:08.016190 [info ] [MainThread]:   maximum_bytes_billed: None
[0m10:42:08.017195 [info ] [MainThread]:   impersonate_service_account: None
[0m10:42:08.018191 [info ] [MainThread]:   job_retry_deadline_seconds: None
[0m10:42:08.019194 [info ] [MainThread]:   job_retries: 1
[0m10:42:08.021195 [info ] [MainThread]:   job_creation_timeout_seconds: None
[0m10:42:08.022196 [info ] [MainThread]:   job_execution_timeout_seconds: 300
[0m10:42:08.023192 [info ] [MainThread]:   timeout_seconds: 300
[0m10:42:08.024193 [info ] [MainThread]:   client_id: None
[0m10:42:08.026496 [info ] [MainThread]:   token_uri: None
[0m10:42:08.028537 [info ] [MainThread]:   dataproc_region: None
[0m10:42:08.031511 [info ] [MainThread]:   dataproc_cluster_name: None
[0m10:42:08.032510 [info ] [MainThread]:   gcs_bucket: None
[0m10:42:08.034018 [info ] [MainThread]:   dataproc_batch: None
[0m10:42:08.035037 [info ] [MainThread]: Registered adapter: bigquery=1.8.3
[0m10:42:08.038028 [debug] [MainThread]: Acquiring new bigquery connection 'debug'
[0m10:42:08.038028 [debug] [MainThread]: Opening a new connection, currently in state init
[0m10:42:08.039028 [debug] [MainThread]: BigQuery adapter: Got an error when attempting to create a bigquery client: '[Errno 2] No such file or directory: 'data.json''
[0m10:42:08.040028 [info ] [MainThread]:   Connection test: [[31mERROR[0m]

[0m10:42:08.043047 [info ] [MainThread]: [31m2 checks failed:[0m
[0m10:42:08.044546 [info ] [MainThread]: Project loading failed for the following reason:
 project path <C:\Users\BUKKIE\Downloads\CDE Videos\DBT\dbt_project.yml> not found

[0m10:42:08.046670 [info ] [MainThread]: dbt was unable to connect to the specified database.
The database returned the following error:

  >Database Error
  [Errno 2] No such file or directory: 'data.json'

Check your database credentials and try again. For more information, visit:
https://docs.getdbt.com/docs/configure-your-profile


[0m10:42:08.049880 [debug] [MainThread]: Command `dbt debug` failed at 10:42:08.049880 after 9.55 seconds
[0m10:42:08.050910 [debug] [MainThread]: Connection 'debug' was properly closed.
[0m10:42:08.050910 [debug] [MainThread]: Sending event: {'category': 'dbt', 'action': 'invocation', 'label': 'end', 'context': [<snowplow_tracker.self_describing_json.SelfDescribingJson object at 0x000001F114C54E60>, <snowplow_tracker.self_describing_json.SelfDescribingJson object at 0x000001F12A3A1550>, <snowplow_tracker.self_describing_json.SelfDescribingJson object at 0x000001F117A2F470>]}
[0m10:42:08.052883 [debug] [MainThread]: Flushing usage events
[0m10:50:21.602130 [debug] [MainThread]: Sending event: {'category': 'dbt', 'action': 'invocation', 'label': 'start', 'context': [<snowplow_tracker.self_describing_json.SelfDescribingJson object at 0x0000019297E740B0>, <snowplow_tracker.self_describing_json.SelfDescribingJson object at 0x00000192984B8050>, <snowplow_tracker.self_describing_json.SelfDescribingJson object at 0x0000019297E750A0>]}


============================== 10:50:21.609132 | 9b43f942-3373-428a-a181-cb5aefcb2305 ==============================
[0m10:50:21.609132 [info ] [MainThread]: Running with dbt=1.8.8
[0m10:50:21.611129 [debug] [MainThread]: running dbt with arguments {'printer_width': '80', 'indirect_selection': 'eager', 'write_json': 'True', 'log_cache_events': 'False', 'partial_parse': 'True', 'cache_selected_only': 'False', 'profiles_dir': 'C:\\Users\\BUKKIE\\.dbt', 'debug': 'False', 'fail_fast': 'False', 'log_path': 'logs', 'warn_error': 'None', 'version_check': 'True', 'use_colors': 'True', 'use_experimental_parser': 'False', 'no_print': 'None', 'quiet': 'False', 'empty': 'None', 'warn_error_options': 'WarnErrorOptions(include=[], exclude=[])', 'introspect': 'True', 'static_parser': 'True', 'log_format': 'default', 'target_path': 'None', 'invocation_command': 'dbt debug', 'send_anonymous_usage_stats': 'True'}
[0m10:50:21.650689 [info ] [MainThread]: dbt version: 1.8.8
[0m10:50:21.651752 [info ] [MainThread]: python version: 3.12.6
[0m10:50:21.653694 [info ] [MainThread]: python path: C:\Users\BUKKIE\AppData\Local\Programs\Python\Python312\python.exe
[0m10:50:21.654694 [info ] [MainThread]: os info: Windows-11-10.0.26100-SP0
[0m10:50:23.396585 [info ] [MainThread]: Using profiles dir at C:\Users\BUKKIE\.dbt
[0m10:50:23.397723 [info ] [MainThread]: Using profiles.yml file at C:\Users\BUKKIE\.dbt\profiles.yml
[0m10:50:23.400567 [info ] [MainThread]: Using dbt_project.yml file at C:\Users\BUKKIE\Downloads\CDE Videos\DBT\dbt_project.yml
[0m10:50:23.401801 [info ] [MainThread]: adapter type: bigquery
[0m10:50:23.403096 [info ] [MainThread]: adapter version: 1.8.3
[0m10:50:23.405108 [info ] [MainThread]: Configuration:
[0m10:50:23.406127 [info ] [MainThread]:   profiles.yml file [[32mOK found and valid[0m]
[0m10:50:23.407110 [info ] [MainThread]:   dbt_project.yml file [[31mERROR not found[0m]
[0m10:50:23.409112 [info ] [MainThread]: Required dependencies:
[0m10:50:23.411115 [debug] [MainThread]: Executing "git --help"
[0m10:50:23.483710 [debug] [MainThread]: STDOUT: "b"usage: git [--version] [--help] [-C <path>] [-c <name>=<value>]\n           [--exec-path[=<path>]] [--html-path] [--man-path] [--info-path]\n           [-p | --paginate | -P | --no-pager] [--no-replace-objects] [--bare]\n           [--git-dir=<path>] [--work-tree=<path>] [--namespace=<name>]\n           [--super-prefix=<path>] [--config-env=<name>=<envvar>]\n           <command> [<args>]\n\nThese are common Git commands used in various situations:\n\nstart a working area (see also: git help tutorial)\n   clone     Clone a repository into a new directory\n   init      Create an empty Git repository or reinitialize an existing one\n\nwork on the current change (see also: git help everyday)\n   add       Add file contents to the index\n   mv        Move or rename a file, a directory, or a symlink\n   restore   Restore working tree files\n   rm        Remove files from the working tree and from the index\n\nexamine the history and state (see also: git help revisions)\n   bisect    Use binary search to find the commit that introduced a bug\n   diff      Show changes between commits, commit and working tree, etc\n   grep      Print lines matching a pattern\n   log       Show commit logs\n   show      Show various types of objects\n   status    Show the working tree status\n\ngrow, mark and tweak your common history\n   branch    List, create, or delete branches\n   commit    Record changes to the repository\n   merge     Join two or more development histories together\n   rebase    Reapply commits on top of another base tip\n   reset     Reset current HEAD to the specified state\n   switch    Switch branches\n   tag       Create, list, delete or verify a tag object signed with GPG\n\ncollaborate (see also: git help workflows)\n   fetch     Download objects and refs from another repository\n   pull      Fetch from and integrate with another repository or a local branch\n   push      Update remote refs along with associated objects\n\n'git help -a' and 'git help -g' list available subcommands and some\nconcept guides. See 'git help <command>' or 'git help <concept>'\nto read about a specific subcommand or concept.\nSee 'git help git' for an overview of the system.\n""
[0m10:50:23.484719 [debug] [MainThread]: STDERR: "b''"
[0m10:50:23.485716 [info ] [MainThread]:  - git [[32mOK found[0m]

[0m10:50:23.486698 [info ] [MainThread]: Connection:
[0m10:50:23.487703 [info ] [MainThread]:   method: service-account
[0m10:50:23.488698 [info ] [MainThread]:   database: valiant-healer-442417-e8
[0m10:50:23.489700 [info ] [MainThread]:   execution_project: valiant-healer-442417-e8
[0m10:50:23.490696 [info ] [MainThread]:   schema: in_class
[0m10:50:23.491698 [info ] [MainThread]:   location: EU
[0m10:50:23.492707 [info ] [MainThread]:   priority: interactive
[0m10:50:23.493696 [info ] [MainThread]:   maximum_bytes_billed: None
[0m10:50:23.494697 [info ] [MainThread]:   impersonate_service_account: None
[0m10:50:23.495700 [info ] [MainThread]:   job_retry_deadline_seconds: None
[0m10:50:23.497702 [info ] [MainThread]:   job_retries: 1
[0m10:50:23.500702 [info ] [MainThread]:   job_creation_timeout_seconds: None
[0m10:50:23.502699 [info ] [MainThread]:   job_execution_timeout_seconds: 300
[0m10:50:23.503695 [info ] [MainThread]:   timeout_seconds: 300
[0m10:50:23.504696 [info ] [MainThread]:   client_id: None
[0m10:50:23.505699 [info ] [MainThread]:   token_uri: None
[0m10:50:23.506699 [info ] [MainThread]:   dataproc_region: None
[0m10:50:23.508702 [info ] [MainThread]:   dataproc_cluster_name: None
[0m10:50:23.509702 [info ] [MainThread]:   gcs_bucket: None
[0m10:50:23.511698 [info ] [MainThread]:   dataproc_batch: None
[0m10:50:23.512698 [info ] [MainThread]: Registered adapter: bigquery=1.8.3
[0m10:50:23.513699 [debug] [MainThread]: Acquiring new bigquery connection 'debug'
[0m10:50:23.514700 [debug] [MainThread]: Opening a new connection, currently in state init
[0m10:50:23.516732 [debug] [MainThread]: BigQuery adapter: Got an error when attempting to create a bigquery client: 'Expecting value: line 1 column 1 (char 0)'
[0m10:50:23.517715 [info ] [MainThread]:   Connection test: [[31mERROR[0m]

[0m10:50:23.518704 [info ] [MainThread]: [31m2 checks failed:[0m
[0m10:50:23.519700 [info ] [MainThread]: Project loading failed for the following reason:
 project path <C:\Users\BUKKIE\Downloads\CDE Videos\DBT\dbt_project.yml> not found

[0m10:50:23.521698 [info ] [MainThread]: dbt was unable to connect to the specified database.
The database returned the following error:

  >Database Error
  Expecting value: line 1 column 1 (char 0)

Check your database credentials and try again. For more information, visit:
https://docs.getdbt.com/docs/configure-your-profile


[0m10:50:23.523699 [debug] [MainThread]: Command `dbt debug` failed at 10:50:23.523699 after 2.21 seconds
[0m10:50:23.524778 [debug] [MainThread]: Connection 'debug' was properly closed.
[0m10:50:23.525704 [debug] [MainThread]: Sending event: {'category': 'dbt', 'action': 'invocation', 'label': 'end', 'context': [<snowplow_tracker.self_describing_json.SelfDescribingJson object at 0x00000192986658E0>, <snowplow_tracker.self_describing_json.SelfDescribingJson object at 0x00000192AAE04B60>, <snowplow_tracker.self_describing_json.SelfDescribingJson object at 0x00000192AB0A2C30>]}
[0m10:50:23.526713 [debug] [MainThread]: Flushing usage events
